<?xml version="1.0" encoding="UTF-8"?>
<!-- Generated by org.testng.reporters.JUnitReportReporter -->
<testsuite hostname="LAPTOP-SLN9IRQQ" failures="0" tests="2" name="qaclickacademy.Mavenjava.AppiumTest" time="0.016" errors="0" timestamp="27 Jan 2021 05:16:57 GMT">
  <testcase classname="qaclickacademy.Mavenjava.AppiumTest" name="IOSAPP" time="0.000"/>
  <testcase classname="qaclickacademy.Mavenjava.AppiumTest" name="AndriodApp" time="0.016"/>
</testsuite> <!-- qaclickacademy.Mavenjava.AppiumTest -->
